# JRE version: Java(TM) SE Runtime Environment (9.0+11) (build 9.0.4+11)
# Java VM: Java HotSpot(TM) 64-Bit Server VM (9.0.4+11, mixed mode, tiered, compressed oops, g1 gc, linux-amd64)
Heap:
 garbage-first heap   total 92160K, used 22392K [0x00000000a7000000, 0x00000000a71002d0, 0x0000000100000000)
  region size 1024K, 8 young (8192K), 1 survivors (1024K)
 Metaspace       used 30401K, capacity 32932K, committed 33152K, reserved 1079296K
  class space    used 3718K, capacity 4154K, committed 4224K, reserved 1048576K
GC Heap History (10 events):
Event: 12.648 GC heap before
{Heap before GC invocations=3 (full 0):
 garbage-first heap   total 92160K, used 36077K [0x00000000a7000000, 0x00000000a71002d0, 0x0000000100000000)
  region size 1024K, 31 young (31744K), 6 survivors (6144K)
 Metaspace       used 28408K, capacity 30682K, committed 30720K, reserved 1075200K
  class space    used 3650K, capacity 4069K, committed 4096K, reserved 1048576K
}
Event: 12.678 GC heap after
{Heap after GC invocations=4 (full 0):
 garbage-first heap   total 92160K, used 15447K [0x00000000a7000000, 0x00000000a71002d0, 0x0000000100000000)
  region size 1024K, 4 young (4096K), 4 survivors (4096K)
 Metaspace       used 28408K, capacity 30682K, committed 30720K, reserved 1075200K
  class space    used 3650K, capacity 4069K, committed 4096K, reserved 1048576K
}
Event: 832.817 GC heap before
{Heap before GC invocations=4 (full 0):
 garbage-first heap   total 92160K, used 61527K [0x00000000a7000000, 0x00000000a71002d0, 0x0000000100000000)
  region size 1024K, 49 young (50176K), 4 survivors (4096K)
 Metaspace       used 30362K, capacity 32848K, committed 33152K, reserved 1079296K
  class space    used 3712K, capacity 4148K, committed 4224K, reserved 1048576K
}
Event: 832.833 GC heap after
{Heap after GC invocations=5 (full 0):
 garbage-first heap   total 92160K, used 16800K [0x00000000a7000000, 0x00000000a71002d0, 0x0000000100000000)
  region size 1024K, 2 young (2048K), 2 survivors (2048K)
 Metaspace       used 30362K, capacity 32848K, committed 33152K, reserved 1079296K
  class space    used 3712K, capacity 4148K, committed 4224K, reserved 1048576K
}
Event: 1694.543 GC heap before
{Heap before GC invocations=5 (full 0):
 garbage-first heap   total 92160K, used 62880K [0x00000000a7000000, 0x00000000a71002d0, 0x0000000100000000)
  region size 1024K, 47 young (48128K), 2 survivors (2048K)
 Metaspace       used 30398K, capacity 32932K, committed 33152K, reserved 1079296K
  class space    used 3717K, capacity 4154K, committed 4224K, reserved 1048576K
}
Event: 1694.548 GC heap after
{Heap after GC invocations=6 (full 0):
 garbage-first heap   total 92160K, used 16286K [0x00000000a7000000, 0x00000000a71002d0, 0x0000000100000000)
  region size 1024K, 1 young (1024K), 1 survivors (1024K)
 Metaspace       used 30398K, capacity 32932K, committed 33152K, reserved 1079296K
  class space    used 3717K, capacity 4154K, committed 4224K, reserved 1048576K
}
Event: 2598.789 GC heap before
{Heap before GC invocations=6 (full 0):
 garbage-first heap   total 92160K, used 64414K [0x00000000a7000000, 0x00000000a71002d0, 0x0000000100000000)
  region size 1024K, 48 young (49152K), 1 survivors (1024K)
 Metaspace       used 30398K, capacity 32932K, committed 33152K, reserved 1079296K
  class space    used 3717K, capacity 4154K, committed 4224K, reserved 1048576K
}
Event: 2598.794 GC heap after
{Heap after GC invocations=7 (full 0):
 garbage-first heap   total 92160K, used 16287K [0x00000000a7000000, 0x00000000a71002d0, 0x0000000100000000)
  region size 1024K, 1 young (1024K), 1 survivors (1024K)
 Metaspace       used 30398K, capacity 32932K, committed 33152K, reserved 1079296K
  class space    used 3717K, capacity 4154K, committed 4224K, reserved 1048576K
}
Event: 3532.332 GC heap before
{Heap before GC invocations=7 (full 0):
 garbage-first heap   total 92160K, used 65439K [0x00000000a7000000, 0x00000000a71002d0, 0x0000000100000000)
  region size 1024K, 49 young (50176K), 1 survivors (1024K)
 Metaspace       used 30398K, capacity 32932K, committed 33152K, reserved 1079296K
  class space    used 3717K, capacity 4154K, committed 4224K, reserved 1048576K
}
Event: 3532.336 GC heap after
{Heap after GC invocations=8 (full 0):
 garbage-first heap   total 92160K, used 16248K [0x00000000a7000000, 0x00000000a71002d0, 0x0000000100000000)
  region size 1024K, 1 young (1024K), 1 survivors (1024K)
 Metaspace       used 30398K, capacity 32932K, committed 33152K, reserved 1079296K
  class space    used 3717K, capacity 4154K, committed 4224K, reserved 1048576K
}

